This is pdfTeX, Version 3.1415926-1.40.10 (TeX Live 2009/Debian) (format=pdflatex 2012.4.27)  5 JUL 2012 15:56
entering extended mode
 %&-line parsing enabled.
**paper.tex
(./paper.tex
LaTeX2e <2009/09/24>
Babel <v3.8l> and hyphenation patterns for english, usenglishmax, dumylang, noh
yphenation, farsi, arabic, croatian, bulgarian, ukrainian, russian, czech, slov
ak, danish, dutch, finnish, french, basque, ngerman, german, german-x-2009-06-1
9, ngerman-x-2009-06-19, ibycus, monogreek, greek, ancientgreek, hungarian, san
skrit, italian, latin, latvian, lithuanian, mongolian2a, mongolian, bokmal, nyn
orsk, romanian, irish, coptic, serbian, turkish, welsh, esperanto, uppersorbian
, estonian, indonesian, interlingua, icelandic, kurmanji, slovenian, polish, po
rtuguese, spanish, galician, catalan, swedish, ukenglish, pinyin, loaded.
(./elsarticle.cls
Document Class: elsarticle 2009/09/17, 1.20b: Elsevier Ltd
\@bls=\dimen102
(/usr/share/texmf-texlive/tex/latex/base/article.cls
Document Class: article 2007/10/19 v1.4h Standard LaTeX document class
(/usr/share/texmf-texlive/tex/latex/base/size10.clo
File: size10.clo 2007/10/19 v1.4h Standard LaTeX file (size option)
)
\c@part=\count79
\c@section=\count80
\c@subsection=\count81
\c@subsubsection=\count82
\c@paragraph=\count83
\c@subparagraph=\count84
\c@figure=\count85
\c@table=\count86
\abovecaptionskip=\skip41
\belowcaptionskip=\skip42
\bibindent=\dimen103
)
(/usr/share/texmf-texlive/tex/latex/graphics/graphicx.sty
Package: graphicx 1999/02/16 v1.0f Enhanced LaTeX Graphics (DPC,SPQR)

(/usr/share/texmf-texlive/tex/latex/graphics/keyval.sty
Package: keyval 1999/03/16 v1.13 key=value parser (DPC)
\KV@toks@=\toks14
)
(/usr/share/texmf-texlive/tex/latex/graphics/graphics.sty
Package: graphics 2009/02/05 v1.0o Standard LaTeX Graphics (DPC,SPQR)

(/usr/share/texmf-texlive/tex/latex/graphics/trig.sty
Package: trig 1999/03/16 v1.09 sin cos tan (DPC)
)
(/etc/texmf/tex/latex/config/graphics.cfg
File: graphics.cfg 2009/08/28 v1.8 graphics configuration of TeX Live
)
Package graphics Info: Driver file: pdftex.def on input line 91.

(/usr/share/texmf-texlive/tex/latex/pdftex-def/pdftex.def
File: pdftex.def 2010/03/12 v0.04p Graphics/color for pdfTeX
\Gread@gobject=\count87
))
\Gin@req@height=\dimen104
\Gin@req@width=\dimen105
)
(/usr/share/texmf-texlive/tex/latex/psnfss/pifont.sty
Package: pifont 2005/04/12 PSNFSS-v9.2a Pi font support (SPQR) 
LaTeX Font Info:    Try loading font information for U+pzd on input line 63.

(/usr/share/texmf-texlive/tex/latex/psnfss/upzd.fd
File: upzd.fd 2001/06/04 font definitions for U/pzd.
)
LaTeX Font Info:    Try loading font information for U+psy on input line 64.

(/usr/share/texmf-texlive/tex/latex/psnfss/upsy.fd
File: upsy.fd 2001/06/04 font definitions for U/psy.
))
\c@tnote=\count88
\c@fnote=\count89
\c@cnote=\count90
\c@ead=\count91
\c@author=\count92
\@eadauthor=\toks15
\c@affn=\count93
\absbox=\box26
\keybox=\box27
\Columnwidth=\dimen106
\space@left=\dimen107
\els@boxa=\box28
\els@boxb=\box29
\leftMargin=\dimen108
\@enLab=\toks16
\@sep=\skip43
\@@sep=\skip44
 (./paper.spl)
(/usr/share/texmf-texlive/tex/latex/natbib/natbib.sty
Package: natbib 2009/07/16 8.31 (PWD, AO)
\bibhang=\skip45
\bibsep=\skip46
LaTeX Info: Redefining \cite on input line 694.
\c@NAT@ctr=\count94
)
\splwrite=\write3
\openout3 = `paper.spl'.

\appnamewidth=\dimen109
)
(/usr/share/texmf-texlive/tex/latex/amsfonts/amssymb.sty
Package: amssymb 2009/06/22 v3.00

(/usr/share/texmf-texlive/tex/latex/amsfonts/amsfonts.sty
Package: amsfonts 2009/06/22 v3.00 Basic AMSFonts support
\@emptytoks=\toks17
\symAMSa=\mathgroup4
\symAMSb=\mathgroup5
LaTeX Font Info:    Overwriting math alphabet `\mathfrak' in version `bold'
(Font)                  U/euf/m/n --> U/euf/b/n on input line 96.
))
(/usr/share/texmf-texlive/tex/latex/amsmath/amsmath.sty
Package: amsmath 2000/07/18 v2.13 AMS math features
\@mathmargin=\skip47

For additional information on amsmath, use the `?' option.
(/usr/share/texmf-texlive/tex/latex/amsmath/amstext.sty
Package: amstext 2000/06/29 v2.01

(/usr/share/texmf-texlive/tex/latex/amsmath/amsgen.sty
File: amsgen.sty 1999/11/30 v2.0
\@emptytoks=\toks18
\ex@=\dimen110
))
(/usr/share/texmf-texlive/tex/latex/amsmath/amsbsy.sty
Package: amsbsy 1999/11/29 v1.2d
\pmbraise@=\dimen111
)
(/usr/share/texmf-texlive/tex/latex/amsmath/amsopn.sty
Package: amsopn 1999/12/14 v2.01 operator names
)
\inf@bad=\count95
LaTeX Info: Redefining \frac on input line 211.
\uproot@=\count96
\leftroot@=\count97
LaTeX Info: Redefining \overline on input line 307.
\classnum@=\count98
\DOTSCASE@=\count99
LaTeX Info: Redefining \ldots on input line 379.
LaTeX Info: Redefining \dots on input line 382.
LaTeX Info: Redefining \cdots on input line 467.
\Mathstrutbox@=\box30
\strutbox@=\box31
\big@size=\dimen112
LaTeX Font Info:    Redeclaring font encoding OML on input line 567.
LaTeX Font Info:    Redeclaring font encoding OMS on input line 568.
\macc@depth=\count100
\c@MaxMatrixCols=\count101
\dotsspace@=\muskip10
\c@parentequation=\count102
\dspbrk@lvl=\count103
\tag@help=\toks19
\row@=\count104
\column@=\count105
\maxfields@=\count106
\andhelp@=\toks20
\eqnshift@=\dimen113
\alignsep@=\dimen114
\tagshift@=\dimen115
\tagwidth@=\dimen116
\totwidth@=\dimen117
\lineht@=\dimen118
\@envbody=\toks21
\multlinegap=\skip48
\multlinetaggap=\skip49
\mathdisplay@stack=\toks22
LaTeX Info: Redefining \[ on input line 2666.
LaTeX Info: Redefining \] on input line 2667.
) (./mathpartir.sty
Package: mathpartir 2005/12/20 version 1.2.0 Math Paragraph for Typesetting Inf
erence Rules
\mpr@andskip=\skip50
\mpr@lista=\toks23
\mpr@listb=\toks24
\mpr@hlist=\box32
\mpr@vlist=\box33
\mpr@right=\box34
)
(/usr/share/texmf-texlive/tex/latex/hyperref/hyperref.sty
Package: hyperref 2009/10/09 v6.79a Hypertext links for LaTeX

(/usr/share/texmf-texlive/tex/generic/oberdiek/ifpdf.sty
Package: ifpdf 2009/04/10 v2.0 Provides the ifpdf switch (HO)
Package ifpdf Info: pdfTeX in pdf mode detected.
)
(/usr/share/texmf-texlive/tex/generic/oberdiek/ifvtex.sty
Package: ifvtex 2008/11/04 v1.4 Switches for detecting VTeX and its modes (HO)
Package ifvtex Info: VTeX not detected.
)
(/usr/share/texmf-texlive/tex/generic/ifxetex/ifxetex.sty
Package: ifxetex 2009/01/23 v0.5 Provides ifxetex conditional
)
(/usr/share/texmf-texlive/tex/latex/oberdiek/hycolor.sty
Package: hycolor 2009/10/02 v1.5 Code for color options of hyperref/bookmark (H
O)

(/usr/share/texmf-texlive/tex/latex/oberdiek/xcolor-patch.sty
Package: xcolor-patch 2009/10/02 xcolor patch
))
\@linkdim=\dimen119
\Hy@linkcounter=\count107
\Hy@pagecounter=\count108

(/usr/share/texmf-texlive/tex/latex/hyperref/pd1enc.def
File: pd1enc.def 2009/10/09 v6.79a Hyperref: PDFDocEncoding definition (HO)
)
(/usr/share/texmf-texlive/tex/generic/oberdiek/etexcmds.sty
Package: etexcmds 2007/12/12 v1.2 Prefix for e-TeX command names (HO)

(/usr/share/texmf-texlive/tex/generic/oberdiek/infwarerr.sty
Package: infwarerr 2007/09/09 v1.2 Providing info/warning/message (HO)
)
Package etexcmds Info: Could not find \expanded.
(etexcmds)             That can mean that you are not using pdfTeX 1.50 or
(etexcmds)             that some package has redefined \expanded.
(etexcmds)             In the latter case, load this package earlier.
)
(/usr/share/texmf-texlive/tex/latex/latexconfig/hyperref.cfg
File: hyperref.cfg 2002/06/06 v1.2 hyperref configuration of TeXLive
)
(/usr/share/texmf-texlive/tex/latex/oberdiek/kvoptions.sty
Package: kvoptions 2009/08/13 v3.4 Keyval support for LaTeX options (HO)

(/usr/share/texmf-texlive/tex/generic/oberdiek/kvsetkeys.sty
Package: kvsetkeys 2009/07/30 v1.5 Key value parser with default handler suppor
t (HO)
))
Package hyperref Info: Hyper figures OFF on input line 2975.
Package hyperref Info: Link nesting OFF on input line 2980.
Package hyperref Info: Hyper index ON on input line 2983.
Package hyperref Info: Plain pages OFF on input line 2990.
Package hyperref Info: Backreferencing OFF on input line 2995.

Implicit mode ON; LaTeX internals redefined
Package hyperref Info: Bookmarks ON on input line 3191.
(/usr/share/texmf-texlive/tex/latex/ltxmisc/url.sty
\Urlmuskip=\muskip11
Package: url 2006/04/12  ver 3.3  Verb mode for urls, etc.
)
LaTeX Info: Redefining \url on input line 3428.

(/usr/share/texmf-texlive/tex/generic/oberdiek/bitset.sty
Package: bitset 2007/09/28 v1.0 Data type bit set (HO)

(/usr/share/texmf-texlive/tex/generic/oberdiek/intcalc.sty
Package: intcalc 2007/09/27 v1.1 Expandable integer calculations (HO)
)
(/usr/share/texmf-texlive/tex/generic/oberdiek/bigintcalc.sty
Package: bigintcalc 2007/11/11 v1.1 Expandable big integer calculations (HO)

(/usr/share/texmf-texlive/tex/generic/oberdiek/pdftexcmds.sty
Package: pdftexcmds 2009/09/23 v0.6 LuaTeX support for pdfTeX utility functions
 (HO)

(/usr/share/texmf-texlive/tex/generic/oberdiek/ifluatex.sty
Package: ifluatex 2009/04/17 v1.2 Provides the ifluatex switch (HO)
Package ifluatex Info: LuaTeX not detected.
)
(/usr/share/texmf-texlive/tex/generic/oberdiek/ltxcmds.sty
Package: ltxcmds 2009/08/05 v1.0 Some LaTeX kernel commands for general use (HO
)
)
Package pdftexcmds Info: LuaTeX not detected.
Package pdftexcmds Info: \pdf@primitive is available.
Package pdftexcmds Info: \pdf@ifprimitive is available.
)))
\Fld@menulength=\count109
\Field@Width=\dimen120
\Fld@charsize=\dimen121
\Field@toks=\toks25
Package hyperref Info: Hyper figures OFF on input line 4377.
Package hyperref Info: Link nesting OFF on input line 4382.
Package hyperref Info: Hyper index ON on input line 4385.
Package hyperref Info: backreferencing OFF on input line 4392.
Package hyperref Info: Link coloring OFF on input line 4397.
Package hyperref Info: Link coloring with OCG OFF on input line 4402.
Package hyperref Info: PDF/A mode OFF on input line 4407.

(/usr/share/texmf-texlive/tex/generic/oberdiek/atbegshi.sty
Package: atbegshi 2008/07/31 v1.9 At begin shipout hook (HO)
)
\Hy@abspage=\count110
\c@Item=\count111
\c@Hfootnote=\count112
)
*hyperref using default driver hpdftex*
(/usr/share/texmf-texlive/tex/latex/hyperref/hpdftex.def
File: hpdftex.def 2009/10/09 v6.79a Hyperref driver for pdfTeX
\Fld@listcount=\count113
) (./paper.aux)
\openout1 = `paper.aux'.

LaTeX Font Info:    Checking defaults for OML/cmm/m/it on input line 28.
LaTeX Font Info:    ... okay on input line 28.
LaTeX Font Info:    Checking defaults for T1/cmr/m/n on input line 28.
LaTeX Font Info:    ... okay on input line 28.
LaTeX Font Info:    Checking defaults for OT1/cmr/m/n on input line 28.
LaTeX Font Info:    ... okay on input line 28.
LaTeX Font Info:    Checking defaults for OMS/cmsy/m/n on input line 28.
LaTeX Font Info:    ... okay on input line 28.
LaTeX Font Info:    Checking defaults for OMX/cmex/m/n on input line 28.
LaTeX Font Info:    ... okay on input line 28.
LaTeX Font Info:    Checking defaults for U/cmr/m/n on input line 28.
LaTeX Font Info:    ... okay on input line 28.
LaTeX Font Info:    Checking defaults for PD1/pdf/m/n on input line 28.
LaTeX Font Info:    ... okay on input line 28.

(/usr/share/texmf-texlive/tex/context/base/supp-pdf.mkii
[Loading MPS to PDF converter (version 2006.09.02).]
\scratchcounter=\count114
\scratchdimen=\dimen122
\scratchbox=\box35
\nofMPsegments=\count115
\nofMParguments=\count116
\everyMPshowfont=\toks26
\MPscratchCnt=\count117
\MPscratchDim=\dimen123
\MPnumerator=\count118
\everyMPtoPDFconversion=\toks27
)
Package hyperref Info: Link coloring OFF on input line 28.
 (/usr/share/texmf-texlive/tex/latex/hyperref/nameref.sty
Package: nameref 2007/05/29 v2.31 Cross-referencing by name of section

(/usr/share/texmf-texlive/tex/latex/oberdiek/refcount.sty
Package: refcount 2008/08/11 v3.1 Data extraction from references (HO)
)
\c@section@level=\count119
)
LaTeX Info: Redefining \ref on input line 28.
LaTeX Info: Redefining \pageref on input line 28.
 (./paper.out)
(./paper.out)
\@outlinefile=\write4
\openout4 = `paper.out'.

\AtBeginShipoutBox=\box36
LaTeX Font Info:    Try loading font information for U+msa on input line 85.
 (/usr/share/texmf-texlive/tex/latex/amsfonts/umsa.fd
File: umsa.fd 2009/06/22 v3.00 AMS symbols A
)
LaTeX Font Info:    Try loading font information for U+msb on input line 85.

(/usr/share/texmf-texlive/tex/latex/amsfonts/umsb.fd
File: umsb.fd 2009/06/22 v3.00 AMS symbols B
) [1


{/var/lib/texmf/fonts/map/pdftex/updmap/pdftex.map}]
Overfull \hbox (10.30511pt too wide) in paragraph at lines 139--139
[][][]\OT1/cmtt/m/n/8 hg.mozilla.org/projects/ionmonkey/file/629d1e6251b9/js/sr
c/ion/RangeAnalysis.cpp| 
 []

[2] [3]
Overfull \hbox (53.59482pt too wide) in alignment at lines 278--314
 [][][] []
 []

[4] <images/ex1.pdf, id=190, 550.05402pt x 215.80524pt>
File: images/ex1.pdf Graphic file (type pdf)
 <use images/ex1.pdf>
<images/algorithm.pdf, id=192, 544.03452pt x 145.54475pt>
File: images/algorithm.pdf Graphic file (type pdf)

<use images/algorithm.pdf> [5 <./images/ex1.pdf>] [6 <./images/algorithm.pdf>]
<images/ex_standard_eSSA.pdf, id=268, 492.83824pt x 224.83899pt>
File: images/ex_standard_eSSA.pdf Graphic file (type pdf)

<use images/ex_standard_eSSA.pdf> [7 <./images/ex_standard_eSSA.pdf>]
<images/ex_graph.pdf, id=323, 308.15227pt x 141.52675pt>
File: images/ex_graph.pdf Graphic file (type pdf)

<use images/ex_graph.pdf> [8 <./images/ex_graph.pdf>]
<images/growth_lattice.pdf, id=376, 95.85893pt x 101.38075pt>
File: images/growth_lattice.pdf Graphic file (type pdf)

<use images/growth_lattice.pdf>
Overfull \hbox (38.95319pt too wide) in paragraph at lines 643--644
[][] 
 []


Overfull \hbox (33.4022pt too wide) in alignment at lines 648--662
 [][][] []
 []

[9 <./images/growth_lattice.pdf>]
Overfull \hbox (1.1878pt too wide) in paragraph at lines 744--751
\OT1/cmr/bx/n/10 Narrowing Anal-y-sis. \OT1/cmr/m/n/10 The growth anal-y-sis as
-so-ciates very con-ser-va-tive bounds
 []

<images/ex_partition_grow_crop.pdf, id=422, 403.50548pt x 253.94977pt>
File: images/ex_partition_grow_crop.pdf Graphic file (type pdf)

<use images/ex_partition_grow_crop.pdf> [10 <./images/ex_partition_grow_crop.pd
f>] <images/TimeCorr.pdf, id=493, 746.79pt x 198.7425pt>
File: images/TimeCorr.pdf Graphic file (type pdf)

<use images/TimeCorr.pdf> [11]
<images/MemCorr.pdf, id=504, 622.325pt x 171.64125pt>
File: images/MemCorr.pdf Graphic file (type pdf)
 <use images/MemCorr.pdf>
<images/precUpperBound.pdf, id=509, 680.5425pt x 183.68625pt>
File: images/precUpperBound.pdf Graphic file (type pdf)

<use images/precUpperBound.pdf>
<images/precLowerBound.pdf, id=510, 566.11298pt x 168.62799pt>
File: images/precLowerBound.pdf Graphic file (type pdf)

<use images/precLowerBound.pdf> [12 <./images/TimeCorr.pdf> <./images/MemCorr.p
df>] [13 <./images/precUpperBound.pdf> <./images/precLowerBound.pdf>]
<images/space.pdf, id=594, 478.78876pt x 261.09747pt>
File: images/space.pdf Graphic file (type pdf)
 <use images/space.pdf>
[14 <./images/space.pdf>]
<images/impactSCC.pdf, id=628, 562.636pt x 165.954pt>
File: images/impactSCC.pdf Graphic file (type pdf)

<use images/impactSCC.pdf> [15 <./images/impactSCC.pdf>]
<images/impactESSA.pdf, id=823, 563.10577pt x 166.62552pt>
File: images/impactESSA.pdf Graphic file (type pdf)

<use images/impactESSA.pdf>
<images/precESSA.pdf, id=828, 556.33444pt x 173.65076pt>
File: images/precESSA.pdf Graphic file (type pdf)

<use images/precESSA.pdf> [16 <./images/impactESSA.pdf> <./images/precESSA.pdf>
] <images/intra.pdf, id=1072, 429.602pt x 172.64601pt>
File: images/intra.pdf Graphic file (type pdf)
 <use images/intra.pdf>
[17 <./images/intra.pdf>]
<images/context.pdf, id=1136, 525.96703pt x 191.71826pt>
File: images/context.pdf Graphic file (type pdf)

<use images/context.pdf>
<images/wholeImpact.pdf, id=1138, 556.32745pt x 170.63649pt>
File: images/wholeImpact.pdf Graphic file (type pdf)

<use images/wholeImpact.pdf> [18 <./images/context.pdf>]
<images/timeIntraInterInline.pdf, id=1175, 322.20375pt x 200.75pt>
File: images/timeIntraInterInline.pdf Graphic file (type pdf)

<use images/timeIntraInterInline.pdf>
<images/timeWideningOperators.pdf, id=1176, 434.62375pt x 249.93375pt>
File: images/timeWideningOperators.pdf Graphic file (type pdf)

<use images/timeWideningOperators.pdf> [19 <./images/wholeImpact.pdf> <./images
/timeIntraInterInline.pdf> <./images/timeWideningOperators.pdf>]
<images/jumpSet.pdf, id=1270, 515.92848pt x 224.83899pt>
File: images/jumpSet.pdf Graphic file (type pdf)

<use images/jumpSet.pdf> [20 <./images/jumpSet.pdf>] [21] [22] (./paper.bbl
[23] [24] [25] [26]) [27] (./paper.aux) ) 
Here is how much of TeX's memory you used:
 6203 strings out of 493848
 85264 string characters out of 1152823
 169648 words of memory out of 3000000
 9229 multiletter control sequences out of 15000+50000
 13323 words of font info for 51 fonts, out of 3000000 for 9000
 714 hyphenation exceptions out of 8191
 38i,27n,36p,436b,539s stack positions out of 5000i,500n,10000p,200000b,50000s
</usr/share/texmf-texlive/fonts/type1/
public/amsfonts/cm/cmbx10.pfb></usr/share/texmf-texlive/fonts/type1/public/amsf
onts/cm/cmbxti10.pfb></usr/share/texmf-texlive/fonts/type1/public/amsfonts/cm/c
mcsc10.pfb></usr/share/texmf-texlive/fonts/type1/public/amsfonts/cm/cmex10.pfb>
</usr/share/texmf-texlive/fonts/type1/public/amsfonts/cm/cmmi10.pfb></usr/share
/texmf-texlive/fonts/type1/public/amsfonts/cm/cmmi6.pfb></usr/share/texmf-texli
ve/fonts/type1/public/amsfonts/cm/cmmi7.pfb></usr/share/texmf-texlive/fonts/typ
e1/public/amsfonts/cm/cmmi8.pfb></usr/share/texmf-texlive/fonts/type1/public/am
sfonts/cm/cmmi9.pfb></usr/share/texmf-texlive/fonts/type1/public/amsfonts/cm/cm
r10.pfb></usr/share/texmf-texlive/fonts/type1/public/amsfonts/cm/cmr12.pfb></us
r/share/texmf-texlive/fonts/type1/public/amsfonts/cm/cmr6.pfb></usr/share/texmf
-texlive/fonts/type1/public/amsfonts/cm/cmr7.pfb></usr/share/texmf-texlive/font
s/type1/public/amsfonts/cm/cmr8.pfb></usr/share/texmf-texlive/fonts/type1/publi
c/amsfonts/cm/cmr9.pfb></usr/share/texmf-texlive/fonts/type1/public/amsfonts/cm
/cmsy10.pfb></usr/share/texmf-texlive/fonts/type1/public/amsfonts/cm/cmsy5.pfb>
</usr/share/texmf-texlive/fonts/type1/public/amsfonts/cm/cmsy6.pfb></usr/share/
texmf-texlive/fonts/type1/public/amsfonts/cm/cmsy7.pfb></usr/share/texmf-texliv
e/fonts/type1/public/amsfonts/cm/cmsy9.pfb></usr/share/texmf-texlive/fonts/type
1/public/amsfonts/cm/cmti10.pfb></usr/share/texmf-texlive/fonts/type1/public/am
sfonts/cm/cmti7.pfb></usr/share/texmf-texlive/fonts/type1/public/amsfonts/cm/cm
ti8.pfb></usr/share/texmf-texlive/fonts/type1/public/amsfonts/cm/cmtt10.pfb></u
sr/share/texmf-texlive/fonts/type1/public/amsfonts/cm/cmtt8.pfb></usr/share/tex
mf-texlive/fonts/type1/public/amsfonts/symbols/msbm10.pfb>
Output written on paper.pdf (27 pages, 1267027 bytes).
PDF statistics:
 1510 PDF objects out of 1728 (max. 8388607)
 129 named destinations out of 1000 (max. 500000)
 205 words of extra memory for PDF output out of 10000 (max. 10000000)

