This is pdfTeXk, Version 3.1415926-1.40.9 (Web2C 7.5.7) (format=pdflatex 2009.8.18)  25 MAY 2012 11:16
entering extended mode
\write18 enabled.
 %&-line parsing enabled.
**paper.tex
(./paper.tex
LaTeX2e <2005/12/01>
Babel <v3.8l> and hyphenation patterns for english, usenglishmax, dumylang, noh
yphenation, german-x-2008-06-18, ngerman-x-2008-06-18, ancientgreek, ibycus, ar
abic, basque, bulgarian, catalan, pinyin, coptic, croatian, czech, danish, dutc
h, esperanto, estonian, farsi, finnish, french, galician, german, ngerman, mono
greek, greek, hungarian, icelandic, indonesian, interlingua, irish, italian, la
tin, lithuanian, mongolian, mongolian2a, bokmal, nynorsk, polish, portuguese, r
omanian, russian, sanskrit, serbian, slovak, slovenian, spanish, swedish, turki
sh, ukenglish, ukrainian, uppersorbian, welsh, loaded.
(./speauth.cls
Document Class: speauth 2010/05/13 v3.00\ speauth.cls
(/usr/local/texlive/2008/texmf-dist/tex/latex/base/article.cls
Document Class: article 2005/09/16 v1.4f Standard LaTeX document class
(/usr/local/texlive/2008/texmf-dist/tex/latex/base/size10.clo
File: size10.clo 2005/09/16 v1.4f Standard LaTeX file (size option)
)
\c@part=\count79
\c@section=\count80
\c@subsection=\count81
\c@subsubsection=\count82
\c@paragraph=\count83
\c@subparagraph=\count84
\c@figure=\count85
\c@table=\count86
\abovecaptionskip=\skip41
\belowcaptionskip=\skip42
\bibindent=\dimen102
)
(/usr/local/texlive/2008/texmf-dist/tex/latex/psnfss/times.sty
Package: times 2005/04/12 PSNFSS-v9.2a (SPQR) 
)
(/usr/local/texlive/2008/texmf-dist/tex/latex/graphics/graphicx.sty
Package: graphicx 1999/02/16 v1.0f Enhanced LaTeX Graphics (DPC,SPQR)

(/usr/local/texlive/2008/texmf-dist/tex/latex/graphics/keyval.sty
Package: keyval 1999/03/16 v1.13 key=value parser (DPC)
\KV@toks@=\toks14
)
(/usr/local/texlive/2008/texmf-dist/tex/latex/graphics/graphics.sty
Package: graphics 2006/02/20 v1.0o Standard LaTeX Graphics (DPC,SPQR)

(/usr/local/texlive/2008/texmf-dist/tex/latex/graphics/trig.sty
Package: trig 1999/03/16 v1.09 sin cos tan (DPC)
)
(/usr/local/texlive/2008/texmf/tex/latex/config/graphics.cfg
File: graphics.cfg 2007/01/18 v1.5 graphics configuration of teTeX/TeXLive
)
Package graphics Info: Driver file: pdftex.def on input line 90.

(/usr/local/texlive/2008/texmf-dist/tex/latex/pdftex-def/pdftex.def
File: pdftex.def 2008/09/08 v0.04l Graphics/color for pdfTeX
\Gread@gobject=\count87
))
\Gin@req@height=\dimen103
\Gin@req@width=\dimen104
)
(/usr/local/texlive/2008/texmf-dist/tex/latex/psnfss/pifont.sty
Package: pifont 2005/04/12 PSNFSS-v9.2a Pi font support (SPQR) 
LaTeX Font Info:    Try loading font information for U+pzd on input line 63.

(/usr/local/texlive/2008/texmf-dist/tex/latex/psnfss/upzd.fd
File: upzd.fd 2001/06/04 font definitions for U/pzd.
)
LaTeX Font Info:    Try loading font information for U+psy on input line 64.

(/usr/local/texlive/2008/texmf-dist/tex/latex/psnfss/upsy.fd
File: upsy.fd 2001/06/04 font definitions for U/psy.
))
(/usr/local/texlive/2008/texmf-dist/tex/latex/base/latexsym.sty
Package: latexsym 1998/08/17 v2.2e Standard LaTeX package (lasy symbols)
\symlasy=\mathgroup4
LaTeX Font Info:    Overwriting symbol font `lasy' in version `bold'
(Font)                  U/lasy/m/n --> U/lasy/b/n on input line 47.
)
(/usr/local/texlive/2008/texmf-dist/tex/latex/base/ifthen.sty
Package: ifthen 2001/05/26 v1.1c Standard LaTeX ifthen package (DPC)
)
(/usr/local/texlive/2008/texmf-dist/tex/latex/rotating/rotating.sty
Package: rotating 2008/10/05 v2.15c rotated objects in LaTeX
\c@r@tfl@t=\count88
\rotFPtop=\skip43
\rotFPbot=\skip44
\rot@float@box=\box26
\rot@mess@toks=\toks15
)
(/usr/local/texlive/2008/texmf-dist/tex/latex/tools/calc.sty
Package: calc 2005/08/06 v4.2 Infix arithmetic (KKT,FJ)
\calc@Acount=\count89
\calc@Bcount=\count90
\calc@Adimen=\dimen105
\calc@Bdimen=\dimen106
\calc@Askip=\skip45
\calc@Bskip=\skip46
LaTeX Info: Redefining \setlength on input line 75.
LaTeX Info: Redefining \addtolength on input line 76.
\calc@Ccount=\count91
\calc@Cskip=\skip47
)
(/usr/local/texlive/2008/texmf-dist/tex/latex/textcase/textcase.sty
Package: textcase 2004/10/07 v0.07 Text only upper/lower case changing (DPC)
)
(/usr/local/texlive/2008/texmf-dist/tex/latex/booktabs/booktabs.sty
Package: booktabs 2005/04/14 v1.61803 publication quality tables
\heavyrulewidth=\dimen107
\lightrulewidth=\dimen108
\cmidrulewidth=\dimen109
\belowrulesep=\dimen110
\belowbottomsep=\dimen111
\aboverulesep=\dimen112
\abovetopsep=\dimen113
\cmidrulesep=\dimen114
\cmidrulekern=\dimen115
\defaultaddspace=\dimen116
\@cmidla=\count92
\@cmidlb=\count93
\@aboverulesep=\dimen117
\@belowrulesep=\dimen118
\@thisruleclass=\count94
\@lastruleclass=\count95
\@thisrulewidth=\dimen119
)
(/usr/local/texlive/2008/texmf-dist/tex/latex/graphics/color.sty
Package: color 2005/11/14 v1.0j Standard LaTeX Color (DPC)

(/usr/local/texlive/2008/texmf/tex/latex/config/color.cfg
File: color.cfg 2007/01/18 v1.5 color configuration of teTeX/TeXLive
)
Package color Info: Driver file: pdftex.def on input line 130.
)
(/usr/local/texlive/2008/texmf-dist/tex/latex/amsfonts/amsfonts.sty
Package: amsfonts 2001/10/25 v2.2f
\@emptytoks=\toks16
\symAMSa=\mathgroup5
\symAMSb=\mathgroup6
LaTeX Font Info:    Overwriting math alphabet `\mathfrak' in version `bold'
(Font)                  U/euf/m/n --> U/euf/b/n on input line 132.
)
(/usr/local/texlive/2008/texmf-dist/tex/latex/amsfonts/amssymb.sty
Package: amssymb 2002/01/22 v2.2d
)
(/usr/local/texlive/2008/texmf-dist/tex/latex/amsmath/amsbsy.sty
Package: amsbsy 1999/11/29 v1.2d

(/usr/local/texlive/2008/texmf-dist/tex/latex/amsmath/amsgen.sty
File: amsgen.sty 1999/11/30 v2.0
\@emptytoks=\toks17
\ex@=\dimen120
)
\pmbraise@=\dimen121
)
(/usr/local/texlive/2008/texmf-dist/tex/latex/amsmath/amsmath.sty
Package: amsmath 2000/07/18 v2.13 AMS math features
\@mathmargin=\skip48

For additional information on amsmath, use the `?' option.
(/usr/local/texlive/2008/texmf-dist/tex/latex/amsmath/amstext.sty
Package: amstext 2000/06/29 v2.01
)
(/usr/local/texlive/2008/texmf-dist/tex/latex/amsmath/amsopn.sty
Package: amsopn 1999/12/14 v2.01 operator names
)
\inf@bad=\count96
LaTeX Info: Redefining \frac on input line 211.
\uproot@=\count97
\leftroot@=\count98
LaTeX Info: Redefining \overline on input line 307.
\classnum@=\count99
\DOTSCASE@=\count100
LaTeX Info: Redefining \ldots on input line 379.
LaTeX Info: Redefining \dots on input line 382.
LaTeX Info: Redefining \cdots on input line 467.
\Mathstrutbox@=\box27
\strutbox@=\box28
\big@size=\dimen122
LaTeX Font Info:    Redeclaring font encoding OML on input line 567.
LaTeX Font Info:    Redeclaring font encoding OMS on input line 568.
\macc@depth=\count101
\c@MaxMatrixCols=\count102
\dotsspace@=\muskip10
\c@parentequation=\count103
\dspbrk@lvl=\count104
\tag@help=\toks18
\row@=\count105
\column@=\count106
\maxfields@=\count107
\andhelp@=\toks19
\eqnshift@=\dimen123
\alignsep@=\dimen124
\tagshift@=\dimen125
\tagwidth@=\dimen126
\totwidth@=\dimen127
\lineht@=\dimen128
\@envbody=\toks20
\multlinegap=\skip49
\multlinetaggap=\skip50
\mathdisplay@stack=\toks21
LaTeX Info: Redefining \[ on input line 2666.
LaTeX Info: Redefining \] on input line 2667.
)
(/usr/local/texlive/2008/texmf-dist/tex/latex/amscls/amsthm.sty
Package: amsthm 2004/08/06 v2.20
\thm@style=\toks22
\thm@bodyfont=\toks23
\thm@headfont=\toks24
\thm@notefont=\toks25
\thm@headpunct=\toks26
\thm@preskip=\skip51
\thm@postskip=\skip52
\thm@headsep=\skip53
\dth@everypar=\toks27
)
(/usr/local/texlive/2008/texmf-dist/tex/latex/base/tracefnt.sty
Package: tracefnt 1997/05/29 v3.0j Standard LaTeX package (font tracing)
\tracingfonts=\count108
LaTeX Info: Redefining \selectfont on input line 101.
)
\absbox=\box29
\@bls=\dimen129

(/usr/local/texlive/2008/texmf-dist/tex/latex/caption/caption.sty
Package: caption 2008/08/24 v3.1j Customizing captions (AR)

(/usr/local/texlive/2008/texmf-dist/tex/latex/caption/caption3.sty
Package: caption3 2008/08/24 v3.1j caption3 kernel (AR)
\captionmargin=\dimen130
\captionmargin@=\dimen131
\captionwidth=\dimen132
\caption@indent=\dimen133
\caption@parindent=\dimen134
\caption@hangindent=\dimen135
)
\c@ContinuedFloat=\count109
Package caption Info: rotating package is loaded.
)
LaTeX Font Warning: Font shape `OT1/cmr/m/n' in size <10.3> not available
(Font)              size <10> substituted on input line 380.
)
(./mathpartir.sty
Package: mathpartir 2005/12/20 version 1.2.0 Math Paragraph for Typesetting Inf
erence Rules
\mpr@andskip=\skip54
\mpr@lista=\toks28
\mpr@listb=\toks29
\mpr@hlist=\box30
\mpr@vlist=\box31
\mpr@right=\box32
)
(/usr/local/texlive/2008/texmf-dist/tex/latex/moreverb/moreverb.sty
Package: moreverb 2008/06/03 v2.3 `more' verbatim facilities

(/usr/local/texlive/2008/texmf-dist/tex/latex/tools/verbatim.sty
Package: verbatim 2003/08/22 v1.5q LaTeX2e package for verbatim enhancements
\every@verbatim=\toks30
\verbatim@line=\toks31
\verbatim@in@stream=\read1
)
\verbatim@out=\write3
\tab@position=\count110
\tab@size=\count111
\listing@line=\count112
)
(/usr/local/texlive/2008/texmf-dist/tex/latex/hyperref/hyperref.sty
Package: hyperref 2009/02/22 v6.78p Hypertext links for LaTeX

(/usr/local/texlive/2008/texmf-dist/tex/generic/oberdiek/ifpdf.sty
Package: ifpdf 2007/12/12 v1.6 Provides the ifpdf switch (HO)
Package ifpdf Info: pdfTeX in pdf mode detected.
)
(/usr/local/texlive/2008/texmf-dist/tex/generic/oberdiek/ifvtex.sty
Package: ifvtex 2008/11/04 v1.4 Switches for detecting VTeX and its modes (HO)
Package ifvtex Info: VTeX not detected.
)
(/usr/local/texlive/2008/texmf-dist/tex/generic/ifxetex/ifxetex.sty
Package: ifxetex 2009/01/23 v0.5 Provides ifxetex conditional
)
(/usr/local/texlive/2008/texmf-dist/tex/latex/oberdiek/hycolor.sty
Package: hycolor 2008/09/08 v1.4 Code for color options of hyperref/bookmark (H
O)

(/usr/local/texlive/2008/texmf-dist/tex/latex/oberdiek/xcolor-patch.sty
Package: xcolor-patch 2008/09/08 xcolor patch
))
\@linkdim=\dimen136
\Hy@linkcounter=\count113
\Hy@pagecounter=\count114

(/usr/local/texlive/2008/texmf-dist/tex/latex/hyperref/pd1enc.def
File: pd1enc.def 2009/02/22 v6.78p Hyperref: PDFDocEncoding definition (HO)
)
(/usr/local/texlive/2008/texmf-dist/tex/generic/oberdiek/etexcmds.sty
Package: etexcmds 2007/12/12 v1.2 Prefix for e-TeX command names (HO)

(/usr/local/texlive/2008/texmf-dist/tex/generic/oberdiek/infwarerr.sty
Package: infwarerr 2007/09/09 v1.2 Providing info/warning/message (HO)
)
Package etexcmds Info: Could not find \expanded.
(etexcmds)             That can mean that you are not using pdfTeX 1.50 or
(etexcmds)             that some package has redefined \expanded.
(etexcmds)             In the latter case, load this package earlier.
)
(/usr/local/texlive/2008/texmf/tex/latex/config/hyperref.cfg
File: hyperref.cfg 2002/06/06 v1.2 hyperref configuration of TeXLive
)
(/usr/local/texlive/2008/texmf-dist/tex/latex/oberdiek/kvoptions.sty
Package: kvoptions 2007/10/18 v3.0 Keyval support for LaTeX options (HO)
)
Package hyperref Info: Option `colorlinks' set `true' on input line 2824.
Package hyperref Info: Option `bookmarksopen' set `true' on input line 2824.
Package hyperref Info: Option `bookmarksnumbered' set `true' on input line 2824
.
Package hyperref Info: Hyper figures OFF on input line 2935.
Package hyperref Info: Link nesting OFF on input line 2940.
Package hyperref Info: Hyper index ON on input line 2943.
Package hyperref Info: Plain pages OFF on input line 2950.
Package hyperref Info: Backreferencing OFF on input line 2955.

Implicit mode ON; LaTeX internals redefined
Package hyperref Info: Bookmarks ON on input line 3145.
(/usr/local/texlive/2008/texmf-dist/tex/latex/ltxmisc/url.sty
\Urlmuskip=\muskip11
Package: url 2006/04/12  ver 3.3  Verb mode for urls, etc.
)
LaTeX Info: Redefining \url on input line 3382.

(/usr/local/texlive/2008/texmf-dist/tex/generic/oberdiek/bitset.sty
Package: bitset 2007/09/28 v1.0 Data type bit set (HO)

(/usr/local/texlive/2008/texmf-dist/tex/generic/oberdiek/intcalc.sty
Package: intcalc 2007/09/27 v1.1 Expandable integer calculations (HO)
)
(/usr/local/texlive/2008/texmf-dist/tex/generic/oberdiek/bigintcalc.sty
Package: bigintcalc 2007/11/11 v1.1 Expandable big integer calculations (HO)

(/usr/local/texlive/2008/texmf-dist/tex/generic/oberdiek/pdftexcmds.sty
Package: pdftexcmds 2007/12/12 v0.3 LuaTeX support for pdfTeX utility functions
 (HO)
Package pdftexcmds Info: LuaTeX not detected on input line 139.
)))
(/usr/local/texlive/2008/texmf-dist/tex/generic/oberdiek/kvsetkeys.sty
Package: kvsetkeys 2007/09/29 v1.3 Key value parser with default handler suppor
t (HO)
)
\Fld@menulength=\count115
\Field@Width=\dimen137
\Fld@charsize=\dimen138
\Field@toks=\toks32
Package hyperref Info: Hyper figures OFF on input line 4299.
Package hyperref Info: Link nesting OFF on input line 4304.
Package hyperref Info: Hyper index ON on input line 4307.
Package hyperref Info: backreferencing OFF on input line 4314.
Package hyperref Info: Link coloring ON on input line 4317.
Package hyperref Info: Link coloring with OCG OFF on input line 4324.
Package hyperref Info: PDF/A mode OFF on input line 4329.

(/usr/local/texlive/2008/texmf-dist/tex/generic/oberdiek/atbegshi.sty
Package: atbegshi 2008/07/31 v1.9 At begin shipout hook (HO)
)
\Hy@abspage=\count116
\c@Item=\count117
\c@Hfootnote=\count118
)

Package hyperref Warning: Wrong driver `hdvips.def';
(hyperref)                pdfTeX is running in PDF mode.
(hyperref)                Forcing driver `hpdftex.def'.

*hyperref using driver hpdftex*
(/usr/local/texlive/2008/texmf-dist/tex/latex/hyperref/hpdftex.def
File: hpdftex.def 2009/02/22 v6.78p Hyperref driver for pdfTeX
\Fld@listcount=\count119
)
(./paper.aux)
\openout1 = `paper.aux'.

LaTeX Font Info:    Checking defaults for OML/cmm/m/it on input line 28.
LaTeX Font Info:    ... okay on input line 28.
LaTeX Font Info:    Checking defaults for T1/cmr/m/n on input line 28.
LaTeX Font Info:    ... okay on input line 28.
LaTeX Font Info:    Checking defaults for OT1/cmr/m/n on input line 28.
LaTeX Font Info:    ... okay on input line 28.
LaTeX Font Info:    Checking defaults for OMS/cmsy/m/n on input line 28.
LaTeX Font Info:    ... okay on input line 28.
LaTeX Font Info:    Checking defaults for OMX/cmex/m/n on input line 28.
LaTeX Font Info:    ... okay on input line 28.
LaTeX Font Info:    Checking defaults for U/cmr/m/n on input line 28.
LaTeX Font Info:    ... okay on input line 28.
LaTeX Font Info:    Checking defaults for PD1/pdf/m/n on input line 28.
LaTeX Font Info:    ... okay on input line 28.
LaTeX Font Info:    Try loading font information for OT1+ptm on input line 28.
 (/usr/local/texlive/2008/texmf-dist/tex/latex/psnfss/ot1ptm.fd
File: ot1ptm.fd 2001/06/04 font definitions for OT1/ptm.
)
(/usr/local/texlive/2008/texmf-dist/tex/context/base/supp-pdf.tex
[Loading MPS to PDF converter (version 2006.09.02).]
\scratchcounter=\count120
\scratchdimen=\dimen139
\scratchbox=\box33
\nofMPsegments=\count121
\nofMParguments=\count122
\everyMPshowfont=\toks33
\MPscratchCnt=\count123
\MPscratchDim=\dimen140
\MPnumerator=\count124
\everyMPtoPDFconversion=\toks34
)
Package caption Info: Begin \AtBeginDocument code.
Package caption Info: hyperref package is loaded.
Package caption Info: End \AtBeginDocument code.
Package hyperref Info: Link coloring ON on input line 28.
 (/usr/local/texlive/2008/texmf-dist/tex/latex/hyperref/nameref.sty
Package: nameref 2007/05/29 v2.31 Cross-referencing by name of section

(/usr/local/texlive/2008/texmf-dist/tex/latex/oberdiek/refcount.sty
Package: refcount 2008/08/11 v3.1 Data extraction from references (HO)
)
\c@section@level=\count125
)
LaTeX Info: Redefining \ref on input line 28.
LaTeX Info: Redefining \pageref on input line 28.

(./paper.out) (./paper.out)
\@outlinefile=\write4
\openout4 = `paper.out'.

\AtBeginShipoutBox=\box34
LaTeX Font Info:    Try loading font information for OMS+ptm on input line 63.

(/usr/local/texlive/2008/texmf-dist/tex/latex/psnfss/omsptm.fd
File: omsptm.fd 
)
LaTeX Font Info:    Font shape `OMS/ptm/m/n' in size <9.5> not available
(Font)              Font shape `OMS/cmsy/m/n' tried instead on input line 63.
LaTeX Font Warning: Font shape `OMS/cmsy/m/n' in size <9.5> not available
(Font)              size <9> substituted on input line 63.
LaTeX Font Info:    Calculating math sizes for size <10.3> on input line 63.
LaTeX Font Warning: Font shape `OT1/cmr/m/n' in size <7.20996> not available
(Font)              size <7> substituted on input line 63.
LaTeX Font Warning: Font shape `OT1/cmr/m/n' in size <5.15> not available
(Font)              size <5> substituted on input line 63.
LaTeX Font Warning: Font shape `OML/cmm/m/it' in size <10.3> not available
(Font)              size <10> substituted on input line 63.
LaTeX Font Warning: Font shape `OML/cmm/m/it' in size <7.20996> not available
(Font)              size <7> substituted on input line 63.
LaTeX Font Warning: Font shape `OML/cmm/m/it' in size <5.15> not available
(Font)              size <5> substituted on input line 63.
LaTeX Font Warning: Font shape `OMS/cmsy/m/n' in size <10.3> not available
(Font)              size <10> substituted on input line 63.
LaTeX Font Warning: Font shape `OMS/cmsy/m/n' in size <7.20996> not available
(Font)              size <7> substituted on input line 63.
LaTeX Font Warning: Font shape `OMS/cmsy/m/n' in size <5.15> not available
(Font)              size <5> substituted on input line 63.
LaTeX Font Warning: Font shape `OMX/cmex/m/n' in size <10.3> not available
(Font)              size <10> substituted on input line 63.
LaTeX Font Info:    Try loading font information for U+lasy on input line 63.

(/usr/local/texlive/2008/texmf-dist/tex/latex/base/ulasy.fd
File: ulasy.fd 1998/08/17 v2.2e LaTeX symbol font definitions
)
LaTeX Font Warning: Font shape `U/lasy/m/n' in size <10.3> not available
(Font)              size <10> substituted on input line 63.
LaTeX Font Warning: Font shape `U/lasy/m/n' in size <7.20996> not available
(Font)              size <7> substituted on input line 63.
LaTeX Font Warning: Font shape `U/lasy/m/n' in size <5.15> not available
(Font)              size <5> substituted on input line 63.
LaTeX Font Info:    Try loading font information for U+msa on input line 63.

(/usr/local/texlive/2008/texmf-dist/tex/latex/amsfonts/umsa.fd
File: umsa.fd 2002/01/19 v2.2g AMS font definitions
)
LaTeX Font Warning: Font shape `U/msa/m/n' in size <10.3> not available
(Font)              size <10> substituted on input line 63.
LaTeX Font Warning: Font shape `U/msa/m/n' in size <7.20996> not available
(Font)              size <7> substituted on input line 63.
LaTeX Font Warning: Font shape `U/msa/m/n' in size <5.15> not available
(Font)              size <5> substituted on input line 63.
LaTeX Font Info:    Try loading font information for U+msb on input line 63.

(/usr/local/texlive/2008/texmf-dist/tex/latex/amsfonts/umsb.fd
File: umsb.fd 2002/01/19 v2.2g AMS font definitions
)
LaTeX Font Warning: Font shape `U/msb/m/n' in size <10.3> not available
(Font)              size <10> substituted on input line 63.
LaTeX Font Warning: Font shape `U/msb/m/n' in size <7.20996> not available
(Font)              size <7> substituted on input line 63.
LaTeX Font Warning: Font shape `U/msb/m/n' in size <5.15> not available
(Font)              size <5> substituted on input line 63.
LaTeX Font Info:    Calculating math sizes for size <11.5> on input line 66.
LaTeX Font Warning: Font shape `OT1/cmr/m/n' in size <11.5> not available
(Font)              size <12> substituted on input line 66.
LaTeX Font Warning: Font shape `OT1/cmr/m/n' in size <8.04996> not available
(Font)              size <8> substituted on input line 66.
LaTeX Font Warning: Font shape `OT1/cmr/m/n' in size <5.75> not available
(Font)              size <6> substituted on input line 66.
LaTeX Font Warning: Font shape `OML/cmm/m/it' in size <11.5> not available
(Font)              size <12> substituted on input line 66.
LaTeX Font Warning: Font shape `OML/cmm/m/it' in size <8.04996> not available
(Font)              size <8> substituted on input line 66.
LaTeX Font Warning: Font shape `OML/cmm/m/it' in size <5.75> not available
(Font)              size <6> substituted on input line 66.
LaTeX Font Warning: Font shape `OMS/cmsy/m/n' in size <11.5> not available
(Font)              size <12> substituted on input line 66.
LaTeX Font Warning: Font shape `OMS/cmsy/m/n' in size <8.04996> not available
(Font)              size <8> substituted on input line 66.
LaTeX Font Warning: Font shape `OMS/cmsy/m/n' in size <5.75> not available
(Font)              size <6> substituted on input line 66.
LaTeX Font Warning: Font shape `OMX/cmex/m/n' in size <11.5> not available
(Font)              size <12> substituted on input line 66.
LaTeX Font Warning: Font shape `OMX/cmex/m/n' in size <8.04996> not available
(Font)              size <8> substituted on input line 66.
LaTeX Font Warning: Font shape `U/lasy/m/n' in size <11.5> not available
(Font)              size <12> substituted on input line 66.
LaTeX Font Warning: Font shape `U/lasy/m/n' in size <8.04996> not available
(Font)              size <8> substituted on input line 66.
LaTeX Font Warning: Font shape `U/lasy/m/n' in size <5.75> not available
(Font)              size <6> substituted on input line 66.
LaTeX Font Warning: Font shape `U/msa/m/n' in size <11.5> not available
(Font)              size <12> substituted on input line 66.
LaTeX Font Warning: Font shape `U/msa/m/n' in size <8.04996> not available
(Font)              size <8> substituted on input line 66.
LaTeX Font Warning: Font shape `U/msa/m/n' in size <5.75> not available
(Font)              size <6> substituted on input line 66.
LaTeX Font Warning: Font shape `U/msb/m/n' in size <11.5> not available
(Font)              size <12> substituted on input line 66.
LaTeX Font Warning: Font shape `U/msb/m/n' in size <8.04996> not available
(Font)              size <8> substituted on input line 66.
LaTeX Font Warning: Font shape `U/msb/m/n' in size <5.75> not available
(Font)              size <6> substituted on input line 66.
LaTeX Font Info:    Calculating math sizes for size <8.04996> on input line 66.

LaTeX Font Warning: Font shape `OT1/cmr/m/n' in size <5.63493> not available
(Font)              size <6> substituted on input line 66.
LaTeX Font Warning: Font shape `OT1/cmr/m/n' in size <4.02498> not available
(Font)              size <5> substituted on input line 66.
LaTeX Font Warning: Font shape `OML/cmm/m/it' in size <5.63493> not available
(Font)              size <6> substituted on input line 66.
LaTeX Font Warning: Font shape `OML/cmm/m/it' in size <4.02498> not available
(Font)              size <5> substituted on input line 66.
LaTeX Font Warning: Font shape `OMS/cmsy/m/n' in size <5.63493> not available
(Font)              size <6> substituted on input line 66.
LaTeX Font Warning: Font shape `OMS/cmsy/m/n' in size <4.02498> not available
(Font)              size <5> substituted on input line 66.
LaTeX Font Warning: Font shape `U/lasy/m/n' in size <5.63493> not available
(Font)              size <6> substituted on input line 66.
LaTeX Font Warning: Font shape `U/lasy/m/n' in size <4.02498> not available
(Font)              size <5> substituted on input line 66.
LaTeX Font Warning: Font shape `U/msa/m/n' in size <5.63493> not available
(Font)              size <6> substituted on input line 66.
LaTeX Font Warning: Font shape `U/msa/m/n' in size <4.02498> not available
(Font)              size <5> substituted on input line 66.
LaTeX Font Warning: Font shape `U/msb/m/n' in size <5.63493> not available
(Font)              size <6> substituted on input line 66.
LaTeX Font Warning: Font shape `U/msb/m/n' in size <4.02498> not available
(Font)              size <5> substituted on input line 66.
LaTeX Font Info:    Calculating math sizes for size <8.5> on input line 66.
LaTeX Font Warning: Font shape `OT1/cmr/m/n' in size <8.5> not available
(Font)              size <8> substituted on input line 66.
LaTeX Font Warning: Font shape `OT1/cmr/m/n' in size <5.94997> not available
(Font)              size <6> substituted on input line 66.
LaTeX Font Warning: Font shape `OT1/cmr/m/n' in size <4.25> not available
(Font)              size <5> substituted on input line 66.
LaTeX Font Warning: Font shape `OML/cmm/m/it' in size <8.5> not available
(Font)              size <8> substituted on input line 66.
LaTeX Font Warning: Font shape `OML/cmm/m/it' in size <5.94997> not available
(Font)              size <6> substituted on input line 66.
LaTeX Font Warning: Font shape `OML/cmm/m/it' in size <4.25> not available
(Font)              size <5> substituted on input line 66.
LaTeX Font Warning: Font shape `OMS/cmsy/m/n' in size <8.5> not available
(Font)              size <8> substituted on input line 66.
LaTeX Font Warning: Font shape `OMS/cmsy/m/n' in size <5.94997> not available
(Font)              size <6> substituted on input line 66.
LaTeX Font Warning: Font shape `OMS/cmsy/m/n' in size <4.25> not available
(Font)              size <5> substituted on input line 66.
LaTeX Font Warning: Font shape `OMX/cmex/m/n' in size <8.5> not available
(Font)              size <8> substituted on input line 66.
LaTeX Font Warning: Font shape `U/lasy/m/n' in size <8.5> not available
(Font)              size <8> substituted on input line 66.
LaTeX Font Warning: Font shape `U/lasy/m/n' in size <5.94997> not available
(Font)              size <6> substituted on input line 66.
LaTeX Font Warning: Font shape `U/lasy/m/n' in size <4.25> not available
(Font)              size <5> substituted on input line 66.
LaTeX Font Warning: Font shape `U/msa/m/n' in size <8.5> not available
(Font)              size <8> substituted on input line 66.
LaTeX Font Warning: Font shape `U/msa/m/n' in size <5.94997> not available
(Font)              size <6> substituted on input line 66.
LaTeX Font Warning: Font shape `U/msa/m/n' in size <4.25> not available
(Font)              size <5> substituted on input line 66.
LaTeX Font Warning: Font shape `U/msb/m/n' in size <8.5> not available
(Font)              size <8> substituted on input line 66.
LaTeX Font Warning: Font shape `U/msb/m/n' in size <5.94997> not available
(Font)              size <6> substituted on input line 66.
LaTeX Font Warning: Font shape `U/msb/m/n' in size <4.25> not available
(Font)              size <5> substituted on input line 66.
LaTeX Font Info:    Font shape `OT1/ptm/bx/n' in size <8.5> not available
(Font)              Font shape `OT1/ptm/b/n' tried instead on input line 107.
LaTeX Font Info:    Font shape `OMS/ptm/m/n' in size <8.5> not available
(Font)              Font shape `OMS/cmsy/m/n' tried instead on input line 107.
LaTeX Font Warning: Font shape `OMS/cmsy/m/n' in size <8.5> not available
(Font)              size <8> substituted on input line 107.
LaTeX Font Info:    Try loading font information for OT1+phv on input line 107.


(/usr/local/texlive/2008/texmf-dist/tex/latex/psnfss/ot1phv.fd
File: ot1phv.fd 2001/06/04 scalable font definitions for OT1/phv.
)
LaTeX Font Info:    Font shape `OT1/phv/m/it' in size <8.5> not available
(Font)              Font shape `OT1/phv/m/sl' tried instead on input line 107.
 [1{/usr/local/texlive/2008/texmf-var/fonts/map/pdftex/updmap/pdftex.map}


Non-PDF special ignored!]
LaTeX Font Info:    Calculating math sizes for size <7.20996> on input line 115
.
LaTeX Font Warning: Font shape `OT1/cmr/m/n' in size <5.04694> not available
(Font)              size <5> substituted on input line 115.
LaTeX Font Warning: Font shape `OT1/cmr/m/n' in size <3.60498> not available
(Font)              size <5> substituted on input line 115.
LaTeX Font Warning: Font shape `OML/cmm/m/it' in size <5.04694> not available
(Font)              size <5> substituted on input line 115.
LaTeX Font Warning: Font shape `OML/cmm/m/it' in size <3.60498> not available
(Font)              size <5> substituted on input line 115.
LaTeX Font Warning: Font shape `OMS/cmsy/m/n' in size <5.04694> not available
(Font)              size <5> substituted on input line 115.
LaTeX Font Warning: Font shape `OMS/cmsy/m/n' in size <3.60498> not available
(Font)              size <5> substituted on input line 115.
LaTeX Font Warning: Font shape `U/lasy/m/n' in size <5.04694> not available
(Font)              size <5> substituted on input line 115.
LaTeX Font Warning: Font shape `U/lasy/m/n' in size <3.60498> not available
(Font)              size <5> substituted on input line 115.
LaTeX Font Warning: Font shape `U/msa/m/n' in size <5.04694> not available
(Font)              size <5> substituted on input line 115.
LaTeX Font Warning: Font shape `U/msa/m/n' in size <3.60498> not available
(Font)              size <5> substituted on input line 115.
LaTeX Font Warning: Font shape `U/msb/m/n' in size <5.04694> not available
(Font)              size <5> substituted on input line 115.
LaTeX Font Warning: Font shape `U/msb/m/n' in size <3.60498> not available
(Font)              size <5> substituted on input line 115.
LaTeX Font Info:    Try loading font information for OT1+pcr on input line 117.


(/usr/local/texlive/2008/texmf-dist/tex/latex/psnfss/ot1pcr.fd
File: ot1pcr.fd 2001/06/04 font definitions for OT1/pcr.
) [2]
LaTeX Font Info:    Font shape `OT1/ptm/bx/n' in size <10.3> not available
(Font)              Font shape `OT1/ptm/b/n' tried instead on input line 249.
LaTeX Font Info:    Calculating math sizes for size <9.5> on input line 258.
LaTeX Font Warning: Font shape `OT1/cmr/m/n' in size <9.5> not available
(Font)              size <9> substituted on input line 258.
LaTeX Font Warning: Font shape `OT1/cmr/m/n' in size <6.64996> not available
(Font)              size <7> substituted on input line 258.
LaTeX Font Warning: Font shape `OT1/cmr/m/n' in size <4.75> not available
(Font)              size <5> substituted on input line 258.
LaTeX Font Warning: Font shape `OML/cmm/m/it' in size <9.5> not available
(Font)              size <9> substituted on input line 258.
LaTeX Font Warning: Font shape `OML/cmm/m/it' in size <6.64996> not available
(Font)              size <7> substituted on input line 258.
LaTeX Font Warning: Font shape `OML/cmm/m/it' in size <4.75> not available
(Font)              size <5> substituted on input line 258.
LaTeX Font Warning: Font shape `OMS/cmsy/m/n' in size <9.5> not available
(Font)              size <9> substituted on input line 258.
LaTeX Font Warning: Font shape `OMS/cmsy/m/n' in size <6.64996> not available
(Font)              size <7> substituted on input line 258.
LaTeX Font Warning: Font shape `OMS/cmsy/m/n' in size <4.75> not available
(Font)              size <5> substituted on input line 258.
LaTeX Font Warning: Font shape `OMX/cmex/m/n' in size <9.5> not available
(Font)              size <9> substituted on input line 258.
LaTeX Font Warning: Font shape `U/lasy/m/n' in size <9.5> not available
(Font)              size <9> substituted on input line 258.
LaTeX Font Warning: Font shape `U/lasy/m/n' in size <6.64996> not available
(Font)              size <7> substituted on input line 258.
LaTeX Font Warning: Font shape `U/lasy/m/n' in size <4.75> not available
(Font)              size <5> substituted on input line 258.
LaTeX Font Warning: Font shape `U/msa/m/n' in size <9.5> not available
(Font)              size <9> substituted on input line 258.
LaTeX Font Warning: Font shape `U/msa/m/n' in size <6.64996> not available
(Font)              size <7> substituted on input line 258.
LaTeX Font Warning: Font shape `U/msa/m/n' in size <4.75> not available
(Font)              size <5> substituted on input line 258.
LaTeX Font Warning: Font shape `U/msb/m/n' in size <9.5> not available
(Font)              size <9> substituted on input line 258.
LaTeX Font Warning: Font shape `U/msb/m/n' in size <6.64996> not available
(Font)              size <7> substituted on input line 258.
LaTeX Font Warning: Font shape `U/msb/m/n' in size <4.75> not available
(Font)              size <5> substituted on input line 258.

<images/ex1.pdf, id=165, 550.05402pt x 215.80524pt>
File: images/ex1.pdf Graphic file (type pdf)
 <use images/ex1.pdf>
<images/algorithm.pdf, id=167, 544.03452pt x 145.54475pt>
File: images/algorithm.pdf Graphic file (type pdf)

<use images/algorithm.pdf> [3] [4 <./images/ex1.pdf> <./images/algorithm.pdf>]
<images/ex_standard_eSSA.pdf, id=253, 492.83824pt x 224.83899pt>
File: images/ex_standard_eSSA.pdf Graphic file (type pdf)

<use images/ex_standard_eSSA.pdf>
Underfull \vbox (badness 10000) has occurred while \output is active []

 [5 <./images/ex_standard_eSSA.pdf>]
<images/ex_graph.pdf, id=305, 308.15227pt x 141.52675pt>
File: images/ex_graph.pdf Graphic file (type pdf)

<use images/ex_graph.pdf>
Underfull \vbox (badness 10000) has occurred while \output is active []

 [6 <./images/ex_graph.pdf>]
<images/growth_lattice.pdf, id=362, 95.85893pt x 101.38075pt>
File: images/growth_lattice.pdf Graphic file (type pdf)

<use images/growth_lattice.pdf>
Overfull \hbox (38.95319pt too wide) in paragraph at lines 619--620
[][] 
 []


Overfull \hbox (35.22191pt too wide) in alignment at lines 624--638
 [][][] []
 []

[7 <./images/growth_lattice.pdf>]
<images/ex_partition_grow_crop.pdf, id=408, 403.50548pt x 253.94977pt>
File: images/ex_partition_grow_crop.pdf Graphic file (type pdf)

<use images/ex_partition_grow_crop.pdf>
Underfull \vbox (badness 10000) has occurred while \output is active []

 [8 <./images/ex_partition_grow_crop.pdf>]
<images/TimeCorr.pdf, id=481, 746.79pt x 198.7425pt>
File: images/TimeCorr.pdf Graphic file (type pdf)
 <use images/TimeCorr.pdf>
<images/MemCorr.pdf, id=484, 622.325pt x 171.64125pt>
File: images/MemCorr.pdf Graphic file (type pdf)
 <use images/MemCorr.pdf>
<images/precUpperBound.pdf, id=489, 680.5425pt x 183.68625pt>
File: images/precUpperBound.pdf Graphic file (type pdf)

<use images/precUpperBound.pdf>
<images/precLowerBound.pdf, id=490, 566.11298pt x 168.62799pt>
File: images/precLowerBound.pdf Graphic file (type pdf)

<use images/precLowerBound.pdf> [9 <./images/TimeCorr.pdf>] [10 <./images/MemCo
rr.pdf> <./images/precUpperBound.pdf> <./images/precLowerBound.pdf>]
<images/space.pdf, id=575, 478.78876pt x 261.09747pt>
File: images/space.pdf Graphic file (type pdf)
 <use images/space.pdf>
[11 <./images/space.pdf>]
<images/impactSCC.pdf, id=610, 562.636pt x 165.954pt>
File: images/impactSCC.pdf Graphic file (type pdf)

<use images/impactSCC.pdf>
<images/impactESSA.pdf, id=618, 563.10577pt x 166.62552pt>
File: images/impactESSA.pdf Graphic file (type pdf)

<use images/impactESSA.pdf>
<images/precESSA.pdf, id=623, 556.33444pt x 173.65076pt>
File: images/precESSA.pdf Graphic file (type pdf)

<use images/precESSA.pdf>
Underfull \vbox (badness 10000) has occurred while \output is active []

 [12 <./images/impactSCC.pdf>] <images/intra.pdf, id=816, 429.602pt x 172.64601
pt>
File: images/intra.pdf Graphic file (type pdf)

<use images/intra.pdf> [13 <./images/impactESSA.pdf> <./images/precESSA.pdf>]
<images/context.pdf, id=1068, 525.96703pt x 191.71826pt>
File: images/context.pdf Graphic file (type pdf)

<use images/context.pdf> [14 <./images/intra.pdf> <./images/context.pdf>]
<images/wholeImpact.pdf, id=1150, 556.32745pt x 170.63649pt>
File: images/wholeImpact.pdf Graphic file (type pdf)

<use images/wholeImpact.pdf>
<images/timeIntraInterInline.pdf, id=1153, 322.20375pt x 200.75pt>
File: images/timeIntraInterInline.pdf Graphic file (type pdf)

<use images/timeIntraInterInline.pdf>
<images/timeWideningOperators.pdf, id=1154, 434.62375pt x 249.93375pt>
File: images/timeWideningOperators.pdf Graphic file (type pdf)

<use images/timeWideningOperators.pdf> [15 <./images/wholeImpact.pdf> <./images
/timeIntraInterInline.pdf> <./images/timeWideningOperators.pdf>]
<images/jumpSet.pdf, id=1247, 515.92848pt x 224.83899pt>
File: images/jumpSet.pdf Graphic file (type pdf)

<use images/jumpSet.pdf> [16 <./images/jumpSet.pdf>] (./paper.bbl
Underfull \hbox (badness 10000) in paragraph at lines 1--1

 []

[17]) [18] (./paper.aux)
LaTeX Font Warning: Size substitutions with differences
(Font)              up to 1.39502pt have occurred.
 ) 
Here is how much of TeX's memory you used:
 7134 strings out of 493876
 105135 string characters out of 1150568
 189054 words of memory out of 3000000
 10110 multiletter control sequences out of 10000+50000
 34994 words of font info for 91 fonts, out of 3000000 for 5000
 715 hyphenation exceptions out of 8191
 43i,28n,40p,451b,582s stack positions out of 5000i,500n,10000p,200000b,50000s
pdfTeX warning (dest): name{UNDEFINED} has been referenced but does not exist
, replaced by a fixed one

{/usr/local/texlive/2008/texmf-dist/fonts/enc/dvips/base/8r.enc}</usr/local/tex
live/2008/texmf-dist/fonts/type1/bluesky/cm/cmex10.pfb></usr/local/texlive/2008
/texmf-dist/fonts/type1/bluesky/cm/cmmi10.pfb></usr/local/texlive/2008/texmf-di
st/fonts/type1/bluesky/cm/cmmi7.pfb></usr/local/texlive/2008/texmf-dist/fonts/t
ype1/bluesky/cm/cmmi9.pfb></usr/local/texlive/2008/texmf-dist/fonts/type1/blues
ky/cm/cmr10.pfb></usr/local/texlive/2008/texmf-dist/fonts/type1/bluesky/cm/cmr7
.pfb></usr/local/texlive/2008/texmf-dist/fonts/type1/bluesky/cm/cmr8.pfb></usr/
local/texlive/2008/texmf-dist/fonts/type1/bluesky/cm/cmr9.pfb></usr/local/texli
ve/2008/texmf-dist/fonts/type1/bluesky/cm/cmsy10.pfb></usr/local/texlive/2008/t
exmf-dist/fonts/type1/bluesky/cm/cmsy5.pfb></usr/local/texlive/2008/texmf-dist/
fonts/type1/bluesky/cm/cmsy6.pfb></usr/local/texlive/2008/texmf-dist/fonts/type
1/bluesky/cm/cmsy7.pfb></usr/local/texlive/2008/texmf-dist/fonts/type1/bluesky/
cm/cmsy8.pfb></usr/local/texlive/2008/texmf-dist/fonts/type1/bluesky/cm/cmsy9.p
fb></usr/local/texlive/2008/texmf-dist/fonts/type1/bluesky/ams/msbm10.pfb></usr
/local/texlive/2008/texmf-dist/fonts/type1/urw/courier/ucrr8a.pfb></usr/local/t
exlive/2008/texmf-dist/fonts/type1/urw/helvetic/uhvro8a.pfb></usr/local/texlive
/2008/texmf-dist/fonts/type1/urw/times/utmb8a.pfb></usr/local/texlive/2008/texm
f-dist/fonts/type1/urw/times/utmr8a.pfb></usr/local/texlive/2008/texmf-dist/fon
ts/type1/urw/times/utmri8a.pfb>
Output written on paper.pdf (18 pages, 1071585 bytes).
PDF statistics:
 1412 PDF objects out of 1440 (max. 8388607)
 102 named destinations out of 1000 (max. 131072)
 217 words of extra memory for PDF output out of 10000 (max. 10000000)

